<?xml version="1.0" encoding="UTF-8"?>
<testsuite xmlns:xsi="http://www.w3.org/2001/XMLSchema-instance" xsi:noNamespaceSchemaLocation="https://maven.apache.org/surefire/maven-surefire-plugin/xsd/surefire-test-report-3.0.xsd" version="3.0" name="backend.DemoApplicationTest" time="0.151" tests="4" errors="0" skipped="0" failures="0">
  <properties>
[...]
</properties>
  <testcase name="shouldCreateTaskSummaryWithTitleAndDate" classname="backend.DemoApplicationTest" time="0.064"/>
  <testcase name="shouldReturnPersonalWelcomeMessage" classname="backend.DemoApplicationTest" time="0.008"/>
  <testcase name="shouldThrowExceptionWhenTaskTitleIsEmpty" classname="backend.DemoApplicationTest" time="0.006"/>
  <testcase name="shouldReturnDefaultWelcomeMessage" classname="backend.DemoApplicationTest" time="0.002"/>
</testsuite>